<?xml version="1.0" encoding="UTF-8"?>
<!-- Generated by org.testng.reporters.JUnitReportReporter -->
<testsuite hostname="LAPTOP-F12TCD65" failures="0" tests="4" name="org.sample.Example1" time="0.089" errors="0" timestamp="01 May 2024 04:14:30 GMT" skipped="0">
  <testcase classname="org.sample.Example1" name="tc2" time="0.005"/>
  <testcase classname="org.sample.Example1" name="tc3" time="0.004"/>
  <testcase classname="org.sample.Example1" name="tc2" time="0.004"/>
  <testcase classname="org.sample.Example1" name="tc1" time="0.076"/>
</testsuite> <!-- org.sample.Example1 -->
