<?xml version="1.0" encoding="UTF-8"?>
<!-- Generated by org.testng.reporters.JUnitReportReporter -->
<testsuite hostname="LAPTOP-F12TCD65" failures="0" tests="1" name="org.reports_generation.Amazon_1" time="2.900" errors="0" timestamp="11 Dec 2024 04:56:04 GMT" skipped="0">
  <testcase classname="org.reports_generation.Amazon_1" name="tc" time="2.900"/>
</testsuite> <!-- org.reports_generation.Amazon_1 -->
